2017-03-08 22:48:31,177 INFO Main start
2017-03-08 22:48:31,180 INFO Bonjour : Mlle. Emma Mark
2017-03-08 22:48:31,180 INFO Bonjour : Mlle. Cristina Lauren
2017-03-08 22:48:31,180 INFO Bonjour : Mme. Leela
2017-03-08 22:48:31,181 INFO Bonjour : Mme. Amy Wong
2017-03-08 22:48:31,183 INFO Bonjour : Mme. Mom
2017-03-08 22:48:31,183 INFO Bonjour : Mme. LaBarbara Conrad
2017-03-08 22:48:31,184 INFO Bonjour : M. Fry
2017-03-08 22:48:31,184 INFO Bonjour : M. Bender
2017-03-08 22:48:31,184 INFO Bonjour : M. Hermes Conrad
2017-03-08 22:48:31,184 INFO Bonjour : M. Hubert J. Farnsworth
2017-03-08 22:48:31,184 INFO Bonjour : M. John A. Zoidberg
2017-03-08 22:48:31,184 INFO Bonjour : M. Richard Nixon's head
2017-03-08 22:48:31,186 INFO Bonjour : M. Zapp Brannigan
2017-03-08 22:48:31,186 INFO Bonjour : M. Kif Kroker
2017-03-08 22:48:31,186 INFO Bonjour : M. Nibbler
2017-03-08 22:48:31,187 INFO Bonjour : M. Scruffy
2017-03-08 22:48:31,187 INFO Bonjour : M. Leo Wong
2017-03-08 22:48:31,187 INFO Bonjour : M. Lrrr
2017-03-08 22:48:31,187 INFO Bonjour : M. Cubert Farnsworth
2017-03-08 22:48:31,188 INFO Bonjour : M. Dwight Conrad
2017-03-08 22:48:31,188 INFO Main stop
